app/build/outputs/logs/manifest-merger-debug-report.txt
-- Merging decision tree log ---
manifest
ADDED from src/main/AndroidManifest.xml:2:1-27:12
	package
		ADDED from src/main/AndroidManifest.xml:3:5-46
		INJECTED from src/main/AndroidManifest.xml
		INJECTED from src/main/AndroidManifest.xml
	android:versionName
		INJECTED from src/main/AndroidManifest.xml
		INJECTED from src/main/AndroidManifest.xml
	xmlns:android
		ADDED from src/main/AndroidManifest.xml:2:11-69
	android:versionCode
		INJECTED from src/main/AndroidManifest.xml
		INJECTED from src/main/AndroidManifest.xml
uses-permission#android.permission.INTERNET
ADDED from src/main/AndroidManifest.xml:5:5-67
	android:name
		ADDED from src/main/AndroidManifest.xml:5:22-64
application
ADDED from src/main/AndroidManifest.xml:7:5-25:19
MERGED from [com.android.support.constraint:constraint-layout:1.0.2] AndroidManifest.xml:9:5-20
MERGED from [com.tsengvn:typekit:1.0.1] AndroidManifest.xml:11:5-20
MERGED from [com.android.support:appcompat-v7:25.3.1] AndroidManifest.xml:29:5-20
MERGED from [com.android.support:support-v4:25.3.1] AndroidManifest.xml:29:5-20
MERGED from [com.android.support:support-fragment:25.3.1] AndroidManifest.xml:29:5-20
MERGED from [com.android.support:support-media-compat:25.3.1] AndroidManifest.xml:29:5-20
MERGED from [com.android.support:support-core-ui:25.3.1] AndroidManifest.xml:29:5-20
MERGED from [com.android.support:support-core-utils:25.3.1] AndroidManifest.xml:29:5-20
MERGED from [com.android.support:animated-vector-drawable:25.3.1] AndroidManifest.xml:26:5-20
MERGED from [com.android.support:support-vector-drawable:25.3.1] AndroidManifest.xml:26:5-20
MERGED from [com.android.support:support-compat:25.3.1] AndroidManifest.xml:29:5-20
MERGED from [me.kaelaela:verticalviewpager:1.0.0] AndroidManifest.xml:11:5-15:19
	android:label
		ADDED from src/main/AndroidManifest.xml:11:9-41
	android:supportsRtl
		ADDED from src/main/AndroidManifest.xml:13:9-35
	android:roundIcon
		ADDED from src/main/AndroidManifest.xml:12:9-54
	android:allowBackup
		ADDED from src/main/AndroidManifest.xml:9:9-35
	android:icon
		ADDED from src/main/AndroidManifest.xml:10:9-43
	android:theme
		ADDED from src/main/AndroidManifest.xml:14:9-43
	android:name
		ADDED from src/main/AndroidManifest.xml:8:9-52
activity#com.example.junhee.weatherparse.activity.MainActivity
ADDED from src/main/AndroidManifest.xml:15:9-59
	android:name
		ADDED from src/main/AndroidManifest.xml:15:19-56
activity#com.example.junhee.weatherparse.activity.IntroActivity
ADDED from src/main/AndroidManifest.xml:16:9-22:20
	android:name
		ADDED from src/main/AndroidManifest.xml:16:19-57
intent-filter#android.intent.action.MAIN+android.intent.category.LAUNCHER
ADDED from src/main/AndroidManifest.xml:17:13-21:29
action#android.intent.action.MAIN
ADDED from src/main/AndroidManifest.xml:18:17-69
	android:name
		ADDED from src/main/AndroidManifest.xml:18:25-66
category#android.intent.category.LAUNCHER
ADDED from src/main/AndroidManifest.xml:20:17-77
	android:name
		ADDED from src/main/AndroidManifest.xml:20:27-74
activity#com.example.junhee.weatherparse.activity.DetailWeatherAcitivity
ADDED from src/main/AndroidManifest.xml:23:9-68
	android:name
		ADDED from src/main/AndroidManifest.xml:23:19-66
activity#com.example.junhee.weatherparse.activity.GoToMallActivity
ADDED from src/main/AndroidManifest.xml:24:9-72
	android:name
		ADDED from src/main/AndroidManifest.xml:24:19-60
uses-sdk
INJECTED from src/main/AndroidManifest.xml reason: use-sdk injection requested
MERGED from [com.android.support.constraint:constraint-layout:1.0.2] AndroidManifest.xml:5:5-7:41
MERGED from [com.github.flavienlaurent.discrollview:library:0.0.2] AndroidManifest.xml:3:5-100
MERGED from [com.tsengvn:typekit:1.0.1] AndroidManifest.xml:7:5-9:41
MERGED from [com.android.support:appcompat-v7:25.3.1] AndroidManifest.xml:21:5-23:78
MERGED from [com.android.support:support-v4:25.3.1] AndroidManifest.xml:21:5-23:54
MERGED from [com.android.support:support-fragment:25.3.1] AndroidManifest.xml:21:5-23:60
MERGED from [com.android.support:support-media-compat:25.3.1] AndroidManifest.xml:21:5-23:63
MERGED from [com.android.support:support-core-ui:25.3.1] AndroidManifest.xml:21:5-23:58
MERGED from [com.android.support:support-core-utils:25.3.1] AndroidManifest.xml:21:5-23:61
MERGED from [com.android.support:animated-vector-drawable:25.3.1] AndroidManifest.xml:20:5-44
MERGED from [com.android.support:support-vector-drawable:25.3.1] AndroidManifest.xml:20:5-43
MERGED from [com.android.support:support-compat:25.3.1] AndroidManifest.xml:21:5-23:58
MERGED from [me.kaelaela:verticalviewpager:1.0.0] AndroidManifest.xml:7:5-9:41
MERGED from [jp.wasabeef:glide-transformations:2.0.2] AndroidManifest.xml:8:5-10:41
	tools:overrideLibrary
		ADDED from [com.android.support:appcompat-v7:25.3.1] AndroidManifest.xml:23:9-75
	android:maxSdkVersion
		ADDED from [com.github.flavienlaurent.discrollview:library:0.0.2] AndroidManifest.xml:3:15-41
	android:targetSdkVersion
		INJECTED from src/main/AndroidManifest.xml
		INJECTED from src/main/AndroidManifest.xml
	android:minSdkVersion
		INJECTED from src/main/AndroidManifest.xml
		INJECTED from src/main/AndroidManifest.xml
meta-data#android.support.VERSION
ADDED from [com.android.support:appcompat-v7:25.3.1] AndroidManifest.xml:25:5-27:34
MERGED from [com.android.support:support-v4:25.3.1] AndroidManifest.xml:25:5-27:34
MERGED from [com.android.support:support-fragment:25.3.1] AndroidManifest.xml:25:5-27:34
MERGED from [com.android.support:support-media-compat:25.3.1] AndroidManifest.xml:25:5-27:34
MERGED from [com.android.support:support-core-ui:25.3.1] AndroidManifest.xml:25:5-27:34
MERGED from [com.android.support:support-core-utils:25.3.1] AndroidManifest.xml:25:5-27:34
MERGED from [com.android.support:animated-vector-drawable:25.3.1] AndroidManifest.xml:22:5-24:34
MERGED from [com.android.support:support-vector-drawable:25.3.1] AndroidManifest.xml:22:5-24:34
MERGED from [com.android.support:support-compat:25.3.1] AndroidManifest.xml:25:5-27:34
	android:value
		ADDED from [com.android.support:appcompat-v7:25.3.1] AndroidManifest.xml:27:9-31
	android:name
		ADDED from [com.android.support:appcompat-v7:25.3.1] AndroidManifest.xml:26:9-47